<?xml version="1.0" encoding="UTF-8"?>
<!-- Generated by org.testng.reporters.JUnitReportReporter -->
<testsuite hostname="Abhirath_Laptop" failures="0" tests="2" name="firstpackage.Project_First.Testcase12_SelectEachPayment" time="81.984" errors="0" timestamp="2025-01-05T15:07:14 PST" skipped="1">
  <testcase classname="firstpackage.Project_First.Testcase12_SelectEachPayment" name="testcase12_selectpayment" time="47.589"/>
  <system-out/>
  <testcase classname="firstpackage.Project_First.Testcase12_SelectEachPayment" name="testcase12_selectpayment" time="34.395">
    <skipped/>
  </testcase> <!-- testcase12_selectpayment -->
  <system-out/>
</testsuite> <!-- firstpackage.Project_First.Testcase12_SelectEachPayment -->
