<?xml version="1.0" encoding="UTF-8"?>
<!-- Generated by org.testng.reporters.JUnitReportReporter -->
<testsuite hostname="Abhirath_Laptop" failures="0" tests="1" name="firstpackage.Project_First.Testcase11_CompleteCheckout" time="80.317" errors="0" timestamp="2025-01-05T16:58:54 PST" skipped="0">
  <testcase classname="firstpackage.Project_First.Testcase11_CompleteCheckout" name="testcase11_completechckout" time="80.317"/>
  <system-out/>
</testsuite> <!-- firstpackage.Project_First.Testcase11_CompleteCheckout -->
