<?xml version="1.0" encoding="UTF-8"?>
<!-- Generated by org.testng.reporters.JUnitReportReporter -->
<testsuite hostname="Abhirath_Laptop" failures="0" tests="2" name="firstpackage.Project_First.Testcase1_SuuccessfulRegister" time="22.740" errors="0" timestamp="2025-01-13T14:10:23 PST" skipped="1">
  <testcase classname="firstpackage.Project_First.Testcase1_SuuccessfulRegister" name="Testcase1_registerintoaccount" time="7.585">
    <skipped/>
  </testcase> <!-- Testcase1_registerintoaccount -->
  <system-out/>
  <testcase classname="firstpackage.Project_First.Testcase1_SuuccessfulRegister" name="Testcase1_registerintoaccount" time="15.155"/>
  <system-out>
    <![CDATA[Testcase is Success]]>
  </system-out>
</testsuite> <!-- firstpackage.Project_First.Testcase1_SuuccessfulRegister -->
