<?xml version="1.0" encoding="UTF-8"?>
<!-- Generated by org.testng.reporters.JUnitReportReporter -->
<testsuite hostname="Abhirath_Laptop" failures="0" tests="1" name="firstpackage.Project_First.Testcase14_GiveRatings" time="22.924" errors="0" timestamp="2025-01-08T14:52:45 PST" skipped="0">
  <testcase classname="firstpackage.Project_First.Testcase14_GiveRatings" name="testcase14_givingrating" time="22.924"/>
  <system-out/>
</testsuite> <!-- firstpackage.Project_First.Testcase14_GiveRatings -->
