<?xml version="1.0" encoding="UTF-8"?>
<!-- Generated by org.testng.reporters.JUnitReportReporter -->
<testsuite hostname="Abhirath_Laptop" failures="0" tests="4" name="firstpackage.Project_First.Testcase5_SearchingItem" time="111.891" errors="0" timestamp="2025-01-06T12:00:36 PST" skipped="0">
  <testcase classname="firstpackage.Project_First.Testcase5_SearchingItem" name="testcase5_searching" time="27.145"/>
  <system-out/>
  <testcase classname="firstpackage.Project_First.Testcase5_SearchingItem" name="testcase5_searching" time="28.351"/>
  <system-out/>
  <testcase classname="firstpackage.Project_First.Testcase5_SearchingItem" name="testcase5_searching" time="28.526"/>
  <system-out/>
  <testcase classname="firstpackage.Project_First.Testcase5_SearchingItem" name="testcase5_searching" time="27.869"/>
  <system-out/>
</testsuite> <!-- firstpackage.Project_First.Testcase5_SearchingItem -->
