<?xml version="1.0" encoding="UTF-8"?>
<!-- Generated by org.testng.reporters.JUnitReportReporter -->
<testsuite hostname="Abhirath_Laptop" failures="0" tests="2" name="firstpackage.Project_First.Testcase13_CouponCode" time="77.658" errors="0" timestamp="2025-01-05T15:07:14 PST" skipped="1">
  <testcase classname="firstpackage.Project_First.Testcase13_CouponCode" name="testcase13_applycouponcode" time="35.354">
    <skipped/>
  </testcase> <!-- testcase13_applycouponcode -->
  <system-out/>
  <testcase classname="firstpackage.Project_First.Testcase13_CouponCode" name="testcase13_applycouponcode" time="42.304"/>
  <system-out/>
</testsuite> <!-- firstpackage.Project_First.Testcase13_CouponCode -->
