<?xml version="1.0" encoding="UTF-8"?>
<!-- Generated by org.testng.reporters.JUnitReportReporter -->
<testsuite hostname="Abhirath_Laptop" failures="0" tests="2" name="firstpackage.Project_First.TestCase7_ReviewProductDetails" time="50.788" errors="0" timestamp="2025-01-05T15:07:14 PST" skipped="1">
  <testcase classname="firstpackage.Project_First.TestCase7_ReviewProductDetails" name="TestCase7_reviewproduct" time="12.570">
    <skipped/>
  </testcase> <!-- TestCase7_reviewproduct -->
  <system-out/>
  <testcase classname="firstpackage.Project_First.TestCase7_ReviewProductDetails" name="TestCase7_reviewproduct" time="38.218"/>
  <system-out/>
</testsuite> <!-- firstpackage.Project_First.TestCase7_ReviewProductDetails -->
