<?xml version="1.0" encoding="UTF-8"?>
<!-- Generated by org.testng.reporters.JUnitReportReporter -->
<testsuite hostname="Abhirath_Laptop" failures="0" tests="3" name="firstpackage.Project_First.Testcase4_EditprofileInfo" time="30.832" errors="0" timestamp="2025-01-08T17:51:29 PST" skipped="2">
  <testcase classname="firstpackage.Project_First.Testcase4_EditprofileInfo" name="Testcase4_changeprofile" time="3.676">
    <skipped/>
  </testcase> <!-- Testcase4_changeprofile -->
  <system-out/>
  <testcase classname="firstpackage.Project_First.Testcase4_EditprofileInfo" name="Testcase4_changeprofile" time="23.927"/>
  <system-out/>
  <testcase classname="firstpackage.Project_First.Testcase4_EditprofileInfo" name="Testcase4_changeprofile" time="3.229">
    <skipped/>
  </testcase> <!-- Testcase4_changeprofile -->
  <system-out/>
</testsuite> <!-- firstpackage.Project_First.Testcase4_EditprofileInfo -->
