<?xml version="1.0" encoding="UTF-8"?>
<!-- Generated by org.testng.reporters.JUnitReportReporter -->
<testsuite hostname="Abhirath_Laptop" failures="0" tests="1" name="firstpackage.Project_First.Testcase3_LoginwithInvalidCredential" time="26.286" errors="0" timestamp="2025-01-05T15:07:14 PST" skipped="0">
  <testcase classname="firstpackage.Project_First.Testcase3_LoginwithInvalidCredential" name="Testcase3_loginwithinvalid" time="26.286"/>
  <system-out/>
</testsuite> <!-- firstpackage.Project_First.Testcase3_LoginwithInvalidCredential -->
