<?xml version="1.0" encoding="UTF-8"?>
<!-- Generated by org.testng.reporters.JUnitReportReporter -->
<testsuite hostname="Abhirath_Laptop" failures="0" tests="1" name="firstpackage.Project_First.Testcase8_SortingSearchproduct" time="37.351" errors="0" timestamp="2025-01-05T15:07:14 PST" skipped="0">
  <testcase classname="firstpackage.Project_First.Testcase8_SortingSearchproduct" name="testcase8_sortingsearch" time="37.351"/>
  <system-out/>
</testsuite> <!-- firstpackage.Project_First.Testcase8_SortingSearchproduct -->
