<?xml version="1.0" encoding="UTF-8"?>
<!-- Generated by org.testng.reporters.JUnitReportReporter -->
<testsuite hostname="Abhirath_Laptop" failures="0" tests="3" name="firstpackage.Project_First.Testcase4_EditprofileInfo" time="38.346" errors="0" timestamp="2025-02-03T22:57:12 PST" skipped="2">
  <testcase classname="firstpackage.Project_First.Testcase4_EditprofileInfo" name="Testcase4_changeprofile" time="26.465"/>
  <system-out>
    <![CDATA[Testcase is Success]]>
  </system-out>
  <testcase classname="firstpackage.Project_First.Testcase4_EditprofileInfo" name="Testcase4_changeprofile" time="5.660">
    <skipped/>
  </testcase> <!-- Testcase4_changeprofile -->
  <system-out/>
  <testcase classname="firstpackage.Project_First.Testcase4_EditprofileInfo" name="Testcase4_changeprofile" time="6.221">
    <skipped/>
  </testcase> <!-- Testcase4_changeprofile -->
  <system-out/>
</testsuite> <!-- firstpackage.Project_First.Testcase4_EditprofileInfo -->
