<?xml version="1.0" encoding="UTF-8"?>
<!-- Generated by org.testng.reporters.JUnitReportReporter -->
<testsuite hostname="Abhirath_Laptop" failures="0" tests="2" name="firstpackage.Project_First.Testcase2_LoginWithValidCredential" time="19.592" errors="0" timestamp="2025-01-10T14:15:43 PST" skipped="1">
  <testcase classname="firstpackage.Project_First.Testcase2_LoginWithValidCredential" name="Testcase2_loginwithvalidcred" time="15.553"/>
  <system-out/>
  <testcase classname="firstpackage.Project_First.Testcase2_LoginWithValidCredential" name="Testcase2_loginwithvalidcred" time="4.039">
    <skipped/>
  </testcase> <!-- Testcase2_loginwithvalidcred -->
  <system-out/>
</testsuite> <!-- firstpackage.Project_First.Testcase2_LoginWithValidCredential -->
