<?xml version="1.0" encoding="UTF-8"?>
<!-- Generated by org.testng.reporters.JUnitReportReporter -->
<testsuite hostname="Abhirath_Laptop" failures="0" tests="4" name="firstpackage.Project_First.Testcase13_CouponCode" time="83.608" errors="0" timestamp="2025-01-10T14:15:43 PST" skipped="3">
  <testcase classname="firstpackage.Project_First.Testcase13_CouponCode" name="testcase13_applycouponcode" time="33.252"/>
  <system-out/>
  <testcase classname="firstpackage.Project_First.Testcase13_CouponCode" name="testcase13_applycouponcode" time="20.782">
    <skipped/>
  </testcase> <!-- testcase13_applycouponcode -->
  <system-out/>
  <testcase classname="firstpackage.Project_First.Testcase13_CouponCode" name="testcase13_applycouponcode" time="23.692">
    <skipped/>
  </testcase> <!-- testcase13_applycouponcode -->
  <system-out/>
  <testcase classname="firstpackage.Project_First.Testcase13_CouponCode" name="testcase13_applycouponcode" time="5.882">
    <skipped/>
  </testcase> <!-- testcase13_applycouponcode -->
  <system-out/>
</testsuite> <!-- firstpackage.Project_First.Testcase13_CouponCode -->
