<?xml version="1.0" encoding="UTF-8"?>
<!-- Generated by org.testng.reporters.JUnitReportReporter -->
<testsuite hostname="Abhirath_Laptop" failures="0" tests="3" name="firstpackage.Project_First.Testcase11_CompleteCheckout" time="63.117" errors="0" timestamp="2025-01-10T14:15:43 PST" skipped="2">
  <testcase classname="firstpackage.Project_First.Testcase11_CompleteCheckout" name="testcase11_completechckout" time="56.435"/>
  <system-out/>
  <testcase classname="firstpackage.Project_First.Testcase11_CompleteCheckout" name="testcase11_completechckout" time="2.920">
    <skipped/>
  </testcase> <!-- testcase11_completechckout -->
  <system-out/>
  <testcase classname="firstpackage.Project_First.Testcase11_CompleteCheckout" name="testcase11_completechckout" time="3.762">
    <skipped/>
  </testcase> <!-- testcase11_completechckout -->
  <system-out/>
</testsuite> <!-- firstpackage.Project_First.Testcase11_CompleteCheckout -->
