<?xml version="1.0" encoding="UTF-8"?>
<!-- Generated by org.testng.reporters.JUnitReportReporter -->
<testsuite hostname="Abhirath_Laptop" failures="0" tests="2" name="firstpackage.Project_First.Testcase10_UpdateQuatitiesandRemovingCart" time="34.042" errors="0" timestamp="2025-01-10T14:15:43 PST" skipped="1">
  <testcase classname="firstpackage.Project_First.Testcase10_UpdateQuatitiesandRemovingCart" name="testcase10_updateandremoveincart" time="29.307"/>
  <system-out/>
  <testcase classname="firstpackage.Project_First.Testcase10_UpdateQuatitiesandRemovingCart" name="testcase10_updateandremoveincart" time="4.735">
    <skipped/>
  </testcase> <!-- testcase10_updateandremoveincart -->
  <system-out/>
</testsuite> <!-- firstpackage.Project_First.Testcase10_UpdateQuatitiesandRemovingCart -->
