<?xml version="1.0" encoding="UTF-8"?>
<!-- Generated by org.testng.reporters.JUnitReportReporter -->
<testsuite hostname="Abhirath_Laptop" failures="0" tests="4" name="firstpackage.Project_First.Testcase6_SearchingVthFilters" time="44.880" errors="0" timestamp="2025-01-10T14:15:43 PST" skipped="3">
  <testcase classname="firstpackage.Project_First.Testcase6_SearchingVthFilters" name="testcase6_searchingwithfilters" time="30.408"/>
  <system-out/>
  <testcase classname="firstpackage.Project_First.Testcase6_SearchingVthFilters" name="testcase6_searchingwithfilters" time="4.218">
    <skipped/>
  </testcase> <!-- testcase6_searchingwithfilters -->
  <system-out/>
  <testcase classname="firstpackage.Project_First.Testcase6_SearchingVthFilters" name="testcase6_searchingwithfilters" time="6.188">
    <skipped/>
  </testcase> <!-- testcase6_searchingwithfilters -->
  <system-out/>
  <testcase classname="firstpackage.Project_First.Testcase6_SearchingVthFilters" name="testcase6_searchingwithfilters" time="4.066">
    <skipped/>
  </testcase> <!-- testcase6_searchingwithfilters -->
  <system-out/>
</testsuite> <!-- firstpackage.Project_First.Testcase6_SearchingVthFilters -->
