<?xml version="1.0" encoding="UTF-8"?>
<!-- Generated by org.testng.reporters.JUnitReportReporter -->
<testsuite hostname="Abhirath_Laptop" failures="0" tests="2" name="firstpackage.Project_First.Testcase1_SuuccessfulRegister" time="23.100" errors="0" timestamp="2025-02-03T22:57:12 PST" skipped="1">
  <testcase classname="firstpackage.Project_First.Testcase1_SuuccessfulRegister" name="Testcase1_registerintoaccount" time="6.265">
    <skipped/>
  </testcase> <!-- Testcase1_registerintoaccount -->
  <system-out/>
  <testcase classname="firstpackage.Project_First.Testcase1_SuuccessfulRegister" name="Testcase1_registerintoaccount" time="16.835"/>
  <system-out>
    <![CDATA[Testcase is Success]]>
  </system-out>
</testsuite> <!-- firstpackage.Project_First.Testcase1_SuuccessfulRegister -->
