<?xml version="1.0" encoding="UTF-8"?>
<!-- Generated by org.testng.reporters.JUnitReportReporter -->
<testsuite hostname="Abhirath_Laptop" failures="0" tests="1" name="firstpackage.Project_First.Testcase4_EditprofileInfo" time="28.246" errors="0" timestamp="2025-01-10T14:15:43 PST" skipped="0">
  <testcase classname="firstpackage.Project_First.Testcase4_EditprofileInfo" name="Testcase4_changeprofile" time="28.246"/>
  <system-out/>
</testsuite> <!-- firstpackage.Project_First.Testcase4_EditprofileInfo -->
