<?xml version="1.0" encoding="UTF-8"?>
<!-- Generated by org.testng.reporters.JUnitReportReporter -->
<testsuite hostname="Abhirath_Laptop" failures="0" tests="1" name="firstpackage.Project_First.Testcase2_LoginWithValidCredential" time="16.953" errors="0" timestamp="2025-02-03T22:57:12 PST" skipped="0">
  <testcase classname="firstpackage.Project_First.Testcase2_LoginWithValidCredential" name="Testcase2_loginwithvalidcred" time="16.953"/>
  <system-out>
    <![CDATA[Testcase is Success]]>
  </system-out>
</testsuite> <!-- firstpackage.Project_First.Testcase2_LoginWithValidCredential -->
