<?xml version="1.0" encoding="UTF-8"?>
<!-- Generated by org.testng.reporters.JUnitReportReporter -->
<testsuite hostname="Abhirath_Laptop" failures="0" tests="1" name="firstpackage.Project_First.TestCase7_ReviewProductDetails" time="28.314" errors="0" timestamp="2025-01-10T14:15:43 PST" skipped="0">
  <testcase classname="firstpackage.Project_First.TestCase7_ReviewProductDetails" name="TestCase7_reviewproduct" time="28.314"/>
  <system-out/>
</testsuite> <!-- firstpackage.Project_First.TestCase7_ReviewProductDetails -->
